<?xml version="1.0" encoding="UTF-8"?>
<!-- Generated by org.testng.reporters.JUnitReportReporter -->
<testsuite hostname="Prathiba-P-S" failures="0" tests="1" name="MyRunner.NewsValidationTestRunner" time="56.577" errors="0" timestamp="22 Jun 2023 12:28:20 GMT" skipped="0">
  <testcase classname="MyRunner.NewsValidationTestRunner" name="feature" time="56.577"/>
</testsuite> <!-- MyRunner.NewsValidationTestRunner -->
